<?xml version="1.0" encoding="UTF-8"?>
<testng-results skipped="0" failed="0" ignored="0" total="1" passed="1">
  <reporter-output>
  </reporter-output>
  <suite name="Surefire suite" duration-ms="154" started-at="2021-03-06T16:23:30 IST" finished-at="2021-03-06T16:23:30 IST">
    <groups>
    </groups>
    <test name="Surefire test" duration-ms="154" started-at="2021-03-06T16:23:30 IST" finished-at="2021-03-06T16:23:30 IST">
      <class name="UseCases.axisBankFundTransfer">
        <test-method status="PASS" signature="axisBankTransferAmt()[pri:0, instance:UseCases.axisBankFundTransfer@73846619]" name="axisBankTransferAmt" duration-ms="24" started-at="2021-03-06T16:23:30 IST" finished-at="2021-03-06T16:23:30 IST">
          <reporter-output>
          </reporter-output>
        </test-method> <!-- axisBankTransferAmt -->
      </class> <!-- UseCases.axisBankFundTransfer -->
    </test> <!-- Surefire test -->
  </suite> <!-- Surefire suite -->
</testng-results>
